<?xml version="1.0" encoding="UTF-8"?>
<!-- Generated by org.testng.reporters.JUnitReportReporter -->
<testsuite hostname="LAPTOP-ODIK6SBS" failures="0" tests="4" name="Tests.bookCategoriesPageTest" time="22.949" errors="0" timestamp="12 Nov 2023 17:42:13 GMT" skipped="0">
  <testcase classname="Tests.bookCategoriesPageTest" name="premisesSelection" time="7.654"/>
  <testcase classname="Tests.bookCategoriesPageTest" name="authorSelection" time="8.587"/>
  <testcase classname="Tests.bookCategoriesPageTest" name="bookAddedtoCart" time="2.283"/>
  <testcase classname="Tests.bookCategoriesPageTest" name="cartPage" time="4.425"/>
</testsuite> <!-- Tests.bookCategoriesPageTest -->
