<?xml version="1.0" encoding="UTF-8"?>
<!-- Generated by org.testng.reporters.JUnitReportReporter -->
<testsuite hostname="LAPTOP-ODIK6SBS" failures="0" tests="1" name="Tests.homePageTest" time="3.093" errors="0" timestamp="12 Nov 2023 17:42:13 GMT" skipped="0">
  <testcase classname="Tests.homePageTest" name="IslamicBookCategoryTest" time="3.093"/>
</testsuite> <!-- Tests.homePageTest -->
